Using pre-set license
Built from '2020.3/china_unity/release' branch; Version is '2020.3.21f1c1 (ae728190a658) revision 11432577'; Using compiler version '192528614'; Build Type 'Release'
OS: 'Windows 10 Pro; OS build 19043.1348; Version 2009; 64bit' Language: 'zh' Physical Memory: 32440 MB
BatchMode: 1, IsHumanControllingUs: 0, StartBugReporterOnCrash: 0, Is64bit: 1, IsPro: 0

COMMAND LINE ARGUMENTS:
C:\Program Files\Unity\Hub\Editor\2020.3.21f1c1\Editor\Unity.exe
-adb2
-batchMode
-noUpm
-name
AssetImportWorker0
-projectPath
F:/UnityChanToonShaderVer2_Project
-logFile
Logs/AssetImportWorker0.log
-srvPort
54445
Successfully changed project path to: F:/UnityChanToonShaderVer2_Project
F:/UnityChanToonShaderVer2_Project
Using Asset Import Pipeline V2.
AS: AutoStreaming module initializing.Refreshing native plugins compatible for Editor in 24.12 ms, found 2 plugins.
Preloading 0 native plugins for Editor in 0.00 ms.
Initialize engine version: 2020.3.21f1c1 (ae728190a658)
[Subsystems] Discovering subsystems at path C:/Program Files/Unity/Hub/Editor/2020.3.21f1c1/Editor/Data/Resources/UnitySubsystems
[Subsystems] Discovering subsystems at path F:/UnityChanToonShaderVer2_Project/Assets
GfxDevice: creating device client; threaded=0
Direct3D:
    Version:  Direct3D 11.0 [level 11.1]
    Renderer: NVIDIA GeForce RTX 3060 (ID=0x2503)
    Vendor:   
    VRAM:     12143 MB
    Driver:   27.21.14.6172
Initialize mono
Mono path[0] = 'C:/Program Files/Unity/Hub/Editor/2020.3.21f1c1/Editor/Data/Managed'
Mono path[1] = 'C:/Program Files/Unity/Hub/Editor/2020.3.21f1c1/Editor/Data/MonoBleedingEdge/lib/mono/unityjit'
Mono config path = 'C:/Program Files/Unity/Hub/Editor/2020.3.21f1c1/Editor/Data/MonoBleedingEdge/etc'
Using monoOptions --debugger-agent=transport=dt_socket,embedding=1,server=y,suspend=n,address=127.0.0.1:56576
Begin MonoManager ReloadAssembly
Registering precompiled unity dll's ...
Register platform support module: C:/Program Files/Unity/Hub/Editor/2020.3.21f1c1/Editor/Data/PlaybackEngines/WindowsStandaloneSupport/UnityEditor.WindowsStandalone.Extensions.dll
Registered in 0.001373 seconds.
Native extension for WindowsStandalone target not found
Refreshing native plugins compatible for Editor in 23.63 ms, found 2 plugins.
Preloading 0 native plugins for Editor in 0.00 ms.
Mono: successfully reloaded assembly
- Completed reload, in  1.630 seconds
Domain Reload Profiling:
	ReloadAssembly (1630ms)
		BeginReloadAssembly (43ms)
			ExecutionOrderSort (0ms)
			DisableScriptedObjects (0ms)
			BackupInstance (0ms)
			ReleaseScriptingObjects (0ms)
			CreateAndSetChildDomain (1ms)
		EndReloadAssembly (280ms)
			LoadAssemblies (41ms)
			RebuildTransferFunctionScriptingTraits (0ms)
			SetupTypeCache (89ms)
			ReleaseScriptCaches (0ms)
			RebuildScriptCaches (21ms)
			SetupLoadedEditorAssemblies (107ms)
				LogAssemblyErrors (0ms)
				InitializePlatformSupportModulesInManaged (3ms)
				SetLoadedEditorAssemblies (0ms)
				RefreshPlugins (24ms)
				BeforeProcessingInitializeOnLoad (12ms)
				ProcessInitializeOnLoadAttributes (50ms)
				ProcessInitializeOnLoadMethodAttributes (18ms)
				AfterProcessingInitializeOnLoad (0ms)
				EditorAssembliesLoaded (0ms)
			ExecutionOrderSort2 (0ms)
			AwakeInstancesAfterBackupRestoration (0ms)
Platform modules already initialized, skipping
Registering precompiled user dll's ...
Registered in 0.003711 seconds.
Begin MonoManager ReloadAssembly
Native extension for WindowsStandalone target not found
Refreshing native plugins compatible for Editor in 0.32 ms, found 2 plugins.
Preloading 0 native plugins for Editor in 0.00 ms.
Mono: successfully reloaded assembly
- Completed reload, in  0.652 seconds
Domain Reload Profiling:
	ReloadAssembly (653ms)
		BeginReloadAssembly (95ms)
			ExecutionOrderSort (0ms)
			DisableScriptedObjects (3ms)
			BackupInstance (0ms)
			ReleaseScriptingObjects (0ms)
			CreateAndSetChildDomain (14ms)
		EndReloadAssembly (518ms)
			LoadAssemblies (56ms)
			RebuildTransferFunctionScriptingTraits (0ms)
			SetupTypeCache (170ms)
			ReleaseScriptCaches (0ms)
			RebuildScriptCaches (31ms)
			SetupLoadedEditorAssemblies (203ms)
				LogAssemblyErrors (0ms)
				InitializePlatformSupportModulesInManaged (4ms)
				SetLoadedEditorAssemblies (0ms)
				RefreshPlugins (0ms)
				BeforeProcessingInitializeOnLoad (51ms)
				ProcessInitializeOnLoadAttributes (138ms)
				ProcessInitializeOnLoadMethodAttributes (6ms)
				AfterProcessingInitializeOnLoad (4ms)
				EditorAssembliesLoaded (0ms)
			ExecutionOrderSort2 (0ms)
			AwakeInstancesAfterBackupRestoration (4ms)
Platform modules already initialized, skipping
========================================================================
Worker process is ready to serve import requests
Launched and connected shader compiler UnityShaderCompiler.exe after 0.05 seconds
Refreshing native plugins compatible for Editor in 0.53 ms, found 2 plugins.
Preloading 0 native plugins for Editor in 0.00 ms.
Unloading 1733 Unused Serialized files (Serialized files now loaded: 0)
System memory in use before: 115.9 MB.
System memory in use after: 105.0 MB.

Unloading 78 unused Assets to reduce memory usage. Loaded Objects now: 2108.
Total: 8.134200 ms (FindLiveObjects: 0.154700 ms CreateObjectMapping: 0.034200 ms MarkObjects: 2.040900 ms  DeleteObjects: 5.903400 ms)

AssetImportParameters requested are different than current active one (requested -> active):
  custom:framework-win-MediaFoundation: 216162199b28c13a410421893ffa2e32 -> 
  custom:video-decoder-ogg-theora: a1e56fd34408186e4bbccfd4996cb3dc -> 
  custom:container-muxer-webm: aa71ff27fc2769a1b78a27578f13a17b -> 
  custom:container-demuxer-webm: 4f35f7cbe854078d1ac9338744f61a02 -> 
  custom:container-demuxer-ogg: 62fdf1f143b41e24485cea50d1cbac27 -> 
  custom:video-encoder-webm-vp8: eb34c28f22e8b96e1ab97ce403110664 -> 
  custom:video-decoder-webm-vp8: 9c59270c3fd7afecdb556c50c9e8de78 -> 
  custom:audio-decoder-ogg-vorbis: bf7c407c2cedff20999df2af8eb42d56 -> 
  custom:audio-encoder-webm-vorbis: bf7c407c2cedff20999df2af8eb42d56 -> 
========================================================================
Received Import Request.
  path: Assets/Sample Scenes/NormalMap/NormalMap
  artifactKey: Guid(76b843be95b2a664fa229e2b47e19717) Importer(815301076,1909f56bfc062723c751e8b465ee728b)
Start importing Assets/Sample Scenes/NormalMap/NormalMap using Guid(76b843be95b2a664fa229e2b47e19717) Importer(815301076,1909f56bfc062723c751e8b465ee728b)  -> (artifact id: '464a4e841945c7670268844b26d1b825') in 0.004022 seconds 
  Import took 0.006127 seconds .

========================================================================
Received Import Request.
  Time since last request: 0.000198 seconds.
  path: Assets/Sample Scenes
  artifactKey: Guid(092f11b90a9b2324f95439a7067582eb) Importer(815301076,1909f56bfc062723c751e8b465ee728b)
Start importing Assets/Sample Scenes using Guid(092f11b90a9b2324f95439a7067582eb) Importer(815301076,1909f56bfc062723c751e8b465ee728b)  -> (artifact id: 'a5119ce90d51a86ba1b0605aa993fce9') in 0.001345 seconds 
  Import took 0.003354 seconds .

========================================================================
Received Import Request.
  Time since last request: 2.738724 seconds.
  path: Assets/Sample Scenes/ToonShader.asset
  artifactKey: Guid(f78f9fc63dcc28a4a9c354f22926264f) Importer(815301076,1909f56bfc062723c751e8b465ee728b)
Start importing Assets/Sample Scenes/ToonShader.asset using Guid(f78f9fc63dcc28a4a9c354f22926264f) Importer(815301076,1909f56bfc062723c751e8b465ee728b)  -> (artifact id: '7d8d96c36935113d0ce223f3a3e8ddfe') in 0.033199 seconds 
  Import took 0.035420 seconds .

========================================================================
Received Import Request.
  Time since last request: 0.500733 seconds.
  path: Assets/Sample Scenes/ToonShader.unity
  artifactKey: Guid(4937d31cfe4f6094bb889a3bea325347) Importer(815301076,1909f56bfc062723c751e8b465ee728b)
Start importing Assets/Sample Scenes/ToonShader.unity using Guid(4937d31cfe4f6094bb889a3bea325347) Importer(815301076,1909f56bfc062723c751e8b465ee728b)  -> (artifact id: '8e4cbb4b99585592b5715e11254e5332') in 0.002067 seconds 
  Import took 0.004336 seconds .

========================================================================
Received Import Request.
  Time since last request: 24.014354 seconds.
  path: Assets/Sample Scenes/ToonShader_CelLook.unity
  artifactKey: Guid(2347e849df69ca34a91406ee03bc1c74) Importer(815301076,1909f56bfc062723c751e8b465ee728b)
Start importing Assets/Sample Scenes/ToonShader_CelLook.unity using Guid(2347e849df69ca34a91406ee03bc1c74) Importer(815301076,1909f56bfc062723c751e8b465ee728b)  -> (artifact id: '65ee902d24bbfd88b6c5971ca3ed143a') in 0.002999 seconds 
  Import took 0.005727 seconds .

========================================================================
Received Import Request.
  Time since last request: 9.169388 seconds.
  path: Assets/Sample Scenes/ToonShader_Emissive.unity
  artifactKey: Guid(5f33a259cc1e1ec4a8c8d741aa314223) Importer(815301076,1909f56bfc062723c751e8b465ee728b)
Start importing Assets/Sample Scenes/ToonShader_Emissive.unity using Guid(5f33a259cc1e1ec4a8c8d741aa314223) Importer(815301076,1909f56bfc062723c751e8b465ee728b)  -> (artifact id: '5b61e8ee9182412fc57c3c20c5cdcf23') in 0.001934 seconds 
  Import took 0.004696 seconds .

========================================================================
Received Import Request.
  Time since last request: 10.033472 seconds.
  path: Assets/Sample Scenes/ToonShader_Firefly.unity
  artifactKey: Guid(21c8e327130c90040acf084ad8727971) Importer(815301076,1909f56bfc062723c751e8b465ee728b)
Start importing Assets/Sample Scenes/ToonShader_Firefly.unity using Guid(21c8e327130c90040acf084ad8727971) Importer(815301076,1909f56bfc062723c751e8b465ee728b)  -> (artifact id: '3b2fe5c8badd725af2545f0d85075083') in 0.002267 seconds 
  Import took 0.005110 seconds .

========================================================================
Received Import Request.
  Time since last request: 60.967776 seconds.
  path: Assets/Sample Scenes/AngelRing
  artifactKey: Guid(ee36474f6c06bae4b99f846b5830f648) Importer(815301076,1909f56bfc062723c751e8b465ee728b)
Start importing Assets/Sample Scenes/AngelRing using Guid(ee36474f6c06bae4b99f846b5830f648) Importer(815301076,1909f56bfc062723c751e8b465ee728b)  -> (artifact id: '1007bd32b28d5a794a06187ca5fb3b22') in 0.001663 seconds 
  Import took 0.004292 seconds .

========================================================================
Received Import Request.
  Time since last request: 1.900504 seconds.
  path: Assets/Sample Scenes/AngelRing/AngelRing.unity
  artifactKey: Guid(2d058791a9af4aa42b47138564ae08fd) Importer(815301076,1909f56bfc062723c751e8b465ee728b)
Start importing Assets/Sample Scenes/AngelRing/AngelRing.unity using Guid(2d058791a9af4aa42b47138564ae08fd) Importer(815301076,1909f56bfc062723c751e8b465ee728b)  -> (artifact id: '9151c767554d0c0ad033f9fb6bc727d6') in 0.002355 seconds 
  Import took 0.004785 seconds .

========================================================================
Received Import Request.
  Time since last request: 46.837790 seconds.
  path: Assets/Sample Scenes/AngelRing/yukoN6.FBX
  artifactKey: Guid(4427fc64bbd8228499c0ab5c11938c39) Importer(815301076,1909f56bfc062723c751e8b465ee728b)
Start importing Assets/Sample Scenes/AngelRing/yukoN6.FBX using Guid(4427fc64bbd8228499c0ab5c11938c39) Importer(815301076,1909f56bfc062723c751e8b465ee728b)  -> (artifact id: '4de0e6e52bfd73e00a2ef779dfc361d1') in 0.267332 seconds 
  Import took 0.269777 seconds .

========================================================================
Received Prepare
Registering precompiled user dll's ...
Registered in 0.003811 seconds.
Begin MonoManager ReloadAssembly
Native extension for WindowsStandalone target not found
Refreshing native plugins compatible for Editor in 0.38 ms, found 2 plugins.
Preloading 0 native plugins for Editor in 0.00 ms.
Mono: successfully reloaded assembly
- Completed reload, in  0.607 seconds
Domain Reload Profiling:
	ReloadAssembly (607ms)
		BeginReloadAssembly (77ms)
			ExecutionOrderSort (0ms)
			DisableScriptedObjects (3ms)
			BackupInstance (0ms)
			ReleaseScriptingObjects (0ms)
			CreateAndSetChildDomain (24ms)
		EndReloadAssembly (492ms)
			LoadAssemblies (56ms)
			RebuildTransferFunctionScriptingTraits (0ms)
			SetupTypeCache (164ms)
			ReleaseScriptCaches (1ms)
			RebuildScriptCaches (24ms)
			SetupLoadedEditorAssemblies (190ms)
				LogAssemblyErrors (0ms)
				InitializePlatformSupportModulesInManaged (4ms)
				SetLoadedEditorAssemblies (0ms)
				RefreshPlugins (0ms)
				BeforeProcessingInitializeOnLoad (47ms)
				ProcessInitializeOnLoadAttributes (128ms)
				ProcessInitializeOnLoadMethodAttributes (6ms)
				AfterProcessingInitializeOnLoad (5ms)
				EditorAssembliesLoaded (0ms)
			ExecutionOrderSort2 (0ms)
			AwakeInstancesAfterBackupRestoration (6ms)
Platform modules already initialized, skipping
Refreshing native plugins compatible for Editor in 0.33 ms, found 2 plugins.
Preloading 0 native plugins for Editor in 0.00 ms.
Unloading 1650 Unused Serialized files (Serialized files now loaded: 0)
System memory in use before: 111.1 MB.
System memory in use after: 100.3 MB.

Unloading 74 unused Assets to reduce memory usage. Loaded Objects now: 2120.
Total: 8.312900 ms (FindLiveObjects: 0.151700 ms CreateObjectMapping: 0.036800 ms MarkObjects: 1.997100 ms  DeleteObjects: 6.126500 ms)

AssetImportParameters requested are different than current active one (requested -> active):
  custom:framework-win-MediaFoundation: 216162199b28c13a410421893ffa2e32 -> 
  custom:video-decoder-ogg-theora: a1e56fd34408186e4bbccfd4996cb3dc -> 
  custom:container-muxer-webm: aa71ff27fc2769a1b78a27578f13a17b -> 
  custom:container-demuxer-webm: 4f35f7cbe854078d1ac9338744f61a02 -> 
  custom:container-demuxer-ogg: 62fdf1f143b41e24485cea50d1cbac27 -> 
  custom:video-encoder-webm-vp8: eb34c28f22e8b96e1ab97ce403110664 -> 
  custom:video-decoder-webm-vp8: 9c59270c3fd7afecdb556c50c9e8de78 -> 
  custom:audio-decoder-ogg-vorbis: bf7c407c2cedff20999df2af8eb42d56 -> 
  custom:audio-encoder-webm-vorbis: bf7c407c2cedff20999df2af8eb42d56 -> 
========================================================================
Received Prepare
Registering precompiled user dll's ...
Registered in 0.003860 seconds.
Begin MonoManager ReloadAssembly
Native extension for WindowsStandalone target not found
Refreshing native plugins compatible for Editor in 0.32 ms, found 2 plugins.
Preloading 0 native plugins for Editor in 0.00 ms.
Mono: successfully reloaded assembly
- Completed reload, in  0.646 seconds
Domain Reload Profiling:
	ReloadAssembly (647ms)
		BeginReloadAssembly (91ms)
			ExecutionOrderSort (0ms)
			DisableScriptedObjects (3ms)
			BackupInstance (0ms)
			ReleaseScriptingObjects (0ms)
			CreateAndSetChildDomain (24ms)
		EndReloadAssembly (514ms)
			LoadAssemblies (59ms)
			RebuildTransferFunctionScriptingTraits (0ms)
			SetupTypeCache (176ms)
			ReleaseScriptCaches (1ms)
			RebuildScriptCaches (24ms)
			SetupLoadedEditorAssemblies (200ms)
				LogAssemblyErrors (0ms)
				InitializePlatformSupportModulesInManaged (3ms)
				SetLoadedEditorAssemblies (0ms)
				RefreshPlugins (0ms)
				BeforeProcessingInitializeOnLoad (50ms)
				ProcessInitializeOnLoadAttributes (135ms)
				ProcessInitializeOnLoadMethodAttributes (6ms)
				AfterProcessingInitializeOnLoad (4ms)
				EditorAssembliesLoaded (0ms)
			ExecutionOrderSort2 (0ms)
			AwakeInstancesAfterBackupRestoration (4ms)
Platform modules already initialized, skipping
Refreshing native plugins compatible for Editor in 0.34 ms, found 2 plugins.
Preloading 0 native plugins for Editor in 0.00 ms.
Unloading 1650 Unused Serialized files (Serialized files now loaded: 0)
System memory in use before: 111.1 MB.
System memory in use after: 100.3 MB.

Unloading 73 unused Assets to reduce memory usage. Loaded Objects now: 2122.
Total: 8.455800 ms (FindLiveObjects: 0.151400 ms CreateObjectMapping: 0.037800 ms MarkObjects: 2.017900 ms  DeleteObjects: 6.247900 ms)

AssetImportParameters requested are different than current active one (requested -> active):
  custom:framework-win-MediaFoundation: 216162199b28c13a410421893ffa2e32 -> 
  custom:video-decoder-ogg-theora: a1e56fd34408186e4bbccfd4996cb3dc -> 
  custom:container-muxer-webm: aa71ff27fc2769a1b78a27578f13a17b -> 
  custom:container-demuxer-webm: 4f35f7cbe854078d1ac9338744f61a02 -> 
  custom:container-demuxer-ogg: 62fdf1f143b41e24485cea50d1cbac27 -> 
  custom:video-encoder-webm-vp8: eb34c28f22e8b96e1ab97ce403110664 -> 
  custom:video-decoder-webm-vp8: 9c59270c3fd7afecdb556c50c9e8de78 -> 
  custom:audio-decoder-ogg-vorbis: bf7c407c2cedff20999df2af8eb42d56 -> 
  custom:audio-encoder-webm-vorbis: bf7c407c2cedff20999df2af8eb42d56 -> 
========================================================================
Received Import Request.
  Time since last request: 283.689005 seconds.
  path: Assets/Sample Scenes/Baked Normal/Cube_HardEdge.unity
  artifactKey: Guid(3c55d4bc37591fb468cc6d6f594b1744) Importer(815301076,1909f56bfc062723c751e8b465ee728b)
Start importing Assets/Sample Scenes/Baked Normal/Cube_HardEdge.unity using Guid(3c55d4bc37591fb468cc6d6f594b1744) Importer(815301076,1909f56bfc062723c751e8b465ee728b)  -> (artifact id: 'e7a28e2a7fa568122c924da6422b304a') in 0.021389 seconds 
  Import took 0.023906 seconds .

========================================================================
Received Prepare
Registering precompiled user dll's ...
Registered in 0.003725 seconds.
Begin MonoManager ReloadAssembly
Native extension for WindowsStandalone target not found
Refreshing native plugins compatible for Editor in 0.43 ms, found 2 plugins.
Preloading 0 native plugins for Editor in 0.00 ms.
Mono: successfully reloaded assembly
- Completed reload, in  0.769 seconds
Domain Reload Profiling:
	ReloadAssembly (770ms)
		BeginReloadAssembly (93ms)
			ExecutionOrderSort (0ms)
			DisableScriptedObjects (3ms)
			BackupInstance (0ms)
			ReleaseScriptingObjects (0ms)
			CreateAndSetChildDomain (26ms)
		EndReloadAssembly (627ms)
			LoadAssemblies (69ms)
			RebuildTransferFunctionScriptingTraits (0ms)
			SetupTypeCache (231ms)
			ReleaseScriptCaches (1ms)
			RebuildScriptCaches (29ms)
			SetupLoadedEditorAssemblies (220ms)
				LogAssemblyErrors (0ms)
				InitializePlatformSupportModulesInManaged (5ms)
				SetLoadedEditorAssemblies (1ms)
				RefreshPlugins (1ms)
				BeforeProcessingInitializeOnLoad (61ms)
				ProcessInitializeOnLoadAttributes (142ms)
				ProcessInitializeOnLoadMethodAttributes (6ms)
				AfterProcessingInitializeOnLoad (5ms)
				EditorAssembliesLoaded (0ms)
			ExecutionOrderSort2 (0ms)
			AwakeInstancesAfterBackupRestoration (5ms)
Platform modules already initialized, skipping
Refreshing native plugins compatible for Editor in 0.43 ms, found 2 plugins.
Preloading 0 native plugins for Editor in 0.00 ms.
Unloading 1650 Unused Serialized files (Serialized files now loaded: 0)
System memory in use before: 111.3 MB.
System memory in use after: 100.3 MB.

Unloading 73 unused Assets to reduce memory usage. Loaded Objects now: 2124.
Total: 8.870400 ms (FindLiveObjects: 0.159200 ms CreateObjectMapping: 0.041100 ms MarkObjects: 2.047300 ms  DeleteObjects: 6.621800 ms)

AssetImportParameters requested are different than current active one (requested -> active):
  custom:framework-win-MediaFoundation: 216162199b28c13a410421893ffa2e32 -> 
  custom:video-decoder-ogg-theora: a1e56fd34408186e4bbccfd4996cb3dc -> 
  custom:container-muxer-webm: aa71ff27fc2769a1b78a27578f13a17b -> 
  custom:container-demuxer-webm: 4f35f7cbe854078d1ac9338744f61a02 -> 
  custom:container-demuxer-ogg: 62fdf1f143b41e24485cea50d1cbac27 -> 
  custom:video-encoder-webm-vp8: eb34c28f22e8b96e1ab97ce403110664 -> 
  custom:video-decoder-webm-vp8: 9c59270c3fd7afecdb556c50c9e8de78 -> 
  custom:audio-decoder-ogg-vorbis: bf7c407c2cedff20999df2af8eb42d56 -> 
  custom:audio-encoder-webm-vorbis: bf7c407c2cedff20999df2af8eb42d56 -> 
